[2026-03-18T19:46:08Z] CHANGE DETECTED in dynamicData.notams
URL: https://aim.eans.ee/web/notampib/area24.json

New NOTAMs:
New NOTAM added:
(A0021/26 NOTAMN
Q)EETT/RTCA/IV/BO/AW/000/185/5830N02637E025
A)EETU B)2601120000 C)2604122230
D)DAILY 0000-0345 1800-2230
E)TEMPO RESTRICTED AREA EER254 ESTABLISHED DUE TO MIL OPS WI:
581133N 0260859E - 584644N 0260445E - 582901N 0271519E - 581656N
0271450E - 581146N 0270530E - 581133N 0260859E.
NON-PARTICIPATING AIRCRAFT (INCLUDING UA) ARE NOT PERMITTED TO ENTER
INTO ACTIVATED AREA EXCLUDING MIL, SAR, HOSP, MEDEVAC.
PERMISSION FOR ENTERING THE AREA BELOW FL095 SHALL BE OBTAINED FROM
TEL +372 717 3724.
F)SFC G)FL185
)

New NOTAM added:
(A0026/26 NOTAMN
Q)EETT/RTCA/IV/BO/AW/000/185/5841N02637E072
A)EETU B)2601120000 C)2604122359
D)DAILY 0000-0500 1800-2359
E)TEMPO RESTRICTED AREA EER253 ESTABLISHED DUE TO MIL OPS WI:
581133N 0260859E - 581146N 0270530E - 581656N 0271450E -
582901N 0271519E - 584644N 0260445E - 590655N 0260215E -
591353N 0255129E - 591752N 0255142E - 592616N 0260250E -
594847N 0260108E - 594300N 0263900E - 593500N 0265200E -
593300N 0273900E - 592500N 0280000E - 592200N 0280400E -
591800N 0275000E - 590000N 0273700E - 584800N 0271600E -
583000N 0272400E - 581200N 0272400E - 575800N 0273300E -
573311N 0271110E - 573313N 0271103E - 573807N 0265636E -
573804N 0265219E - 573156N 0263323E - 574254N 0261221E -
581133N 0260859E.
NON-PARTICIPATING AIRCRAFT (INCLUDING UA) ARE NOT PERMITTED TO ENTER
INTO ACTIVATED AREA EXCLUDING MIL, SAR, HOSP.
PERMISSION FOR ENTERING THE AREA BELOW FL095 SHALL BE OBTAINED FROM
TEL +372 717 3724.
F)SFC G)FL185
)

New NOTAM added:
(A0066/26 NOTAMR
Q)EETT/OBCE/IV/M/A/000/999/5818N02641E005
A)EETU B)2601090711 C)2604091100
E)CRANE AT POSITION 582232.8N 0264408.5E. ELEV 273FT AMSL (HGT 173FT
AGL). LIGHTED. TYPE OF LIGHT FIXED AND RED.
)

New NOTAM added:
(A0114/26 NOTAMR
Q)EETT/RTCA/IV/BO/W/000/015/5918N02722E001
A)EETT B)2601161133 C)2604102359
E)TEMPORARY RESTRICTED AREA EER2556 ESTABLISHED WITHIN: 591719N
0272205E - 591749N 0272124E - 591758N 0272123E - 591806N 0272143E -
591813N 0272149E - 591818N 0272204E - 591810N 0272205E - 591814N
0272215E - 591810N 0272221E - 591805N 0272209E - 591802N 0272212E -
591801N 0272209E - 591734N 0272248E - 591729N 0272233E - 591727N
0272234E - 591719N 0272205E.
PERMISSION FOR ENTERING THE AREA SHALL BE OBTAINED FROM TEL +372 717
3701.
F)SFC G)1000FT AGL
)

New NOTAM added:
(A0261/26 NOTAMN
Q)EETT/RDCA/IV/BO/W/000/005/5922N02656E001
A)EETT B)2602032030 C)2605032000
E)TEMPORARY DANGER AREA EED2519B ESTABLISHED DUE TO SLACKLINE
BETWEEN KIVIOLI TUHAMAGI AND KIVIOLI UUS TUHAMAGI WITHIN: 592139N
0265540E - 592145N 0265540E - 592146N 0265716E - 592139N 0265717E -
592139N 0265540E. SLACKLINE ATTACHMENT POINTS ARE ILLUMINATED AT
NIGHT.
F)SFC G)450FT AMSL
)

New NOTAM added:
(A0279/26 NOTAMN
Q)EETT/FATT/IV/BO/A/000/999/5818N02641E005
A)EETU B)2603190000 C)2604012359
E)TRIGGER NOTAM - PERM AIRAC AIP AMDT 03/2026 WEF 19 MAR 2026.
- UPDATED MAGNETIC VARIATION
)

New NOTAM added:
(A0280/26 NOTAMN
Q)EETT/FATT/IV/BO/A/000/999/5925N02450E005
A)EETN B)2603190000 C)2604012359
E)TRIGGER NOTAM - PERM AIRAC AIP AMDT 03/2026 WEF 19 MAR 2026.
- UPDATED MAGNETIC VARIATION
- REMOVED AIRCRAFT STAND M33
)

New NOTAM added:
(A0281/26 NOTAMN
Q)EETT/FATT/IV/BO/A/000/999/5747N02316E005
A)EERU B)2603190000 C)2604012359
E)TRIGGER NOTAM - PERM AIRAC AIP AMDT 03/2026 WEF 19 MAR 2026.
- UPDATED MAGNETIC VARIATION
)

New NOTAM added:
(A0282/26 NOTAMN
Q)EETT/FATT/IV/BO/A/000/999/5825N02428E005
A)EEPU B)2603190000 C)2604012359
E)TRIGGER NOTAM - PERM AIRAC AIP AMDT 03/2026 WEF 19 MAR 2026.
- UPDATED MAGNETIC VARIATION
)

New NOTAM added:
(A0283/26 NOTAMN
Q)EETT/FATT/IV/BO/A/000/999/5809N02400E005
A)EEKU B)2603190000 C)2604012359
E)TRIGGER NOTAM - PERM AIRAC AIP AMDT 03/2026 WEF 19 MAR 2026.
- UPDATED MAGNETIC VARIATION
)

New NOTAM added:
(A0284/26 NOTAMN
Q)EETT/FATT/IV/BO/A/000/999/5814N02231E005
A)EEKE B)2603190000 C)2604012359
E)TRIGGER NOTAM - PERM AIRAC AIP AMDT 03/2026 WEF 19 MAR 2026.
- UPDATED MAGNETIC VARIATION
)

New NOTAM added:
(A0285/26 NOTAMN
Q)EETT/FATT/IV/BO/A/000/999/5859N02250E005
A)EEKA B)2603190000 C)2604012359
E)TRIGGER NOTAM - PERM AIRAC AIP AMDT 03/2026 WEF 19 MAR 2026.
- UPDATED MAGNETIC VARIATION
)

New NOTAM added:
(A0286/26 NOTAMN
Q)EETT/FATT/IV/BO/A/000/999/5916N02413E005
A)EEEI B)2603190000 C)2604012359
E)TRIGGER NOTAM - PERM AIRAC AIP AMDT 03/2026 WEF 19 MAR 2026.
- UPDATED AD ELEVATION
- UPDATED RWY 06 AND RWY 24 THR COORDINATES AND ELEVATION
)

New NOTAM added:
(A0287/26 NOTAMN
Q)EETT/AFTT/IV/BO/E/000/999/5849N02426E999
A)EETT B)2603190000 C)2604012359
E)TRIGGER NOTAM - PERM AIRAC AIP AMDT 03/2026 WEF 19 MAR 2026.
- FF-ICE INFORMATION ADDED
- UPDATED EN-ROUTE HOLDING MAGNETIC TRACKS
)

New NOTAM added:
(A0302/26 NOTAMN
Q)EETT/OBCE/IV/M/A/000/999/5925N02450E005
A)EETN B)2602061330 C)2605061230
E)GROUP OF CRANES ERECTED IN AREA 2:
1. AT PSN 592523.9N 0244738.8E. ELEV 243FT AMSL (HEIGHT 113FT AGL).
NOT LIGHTED.
2. AT PSN 592523.1N 0244747.1E. ELEV 279FT AMSL (HEIGHT 140FT AGL).
NOT LIGHTED.
3. AT PSN 592523.1N 0244752.4E. ELEV 320FT AMSL (HEIGHT 178FT AGL).
LIGHTED.
4. AT PSN 592523.2N 0244757.2E. ELEV 283FT AMSL (HEIGHT 150FT AGL).
NOT LIGHTED.
5. AT PSN 592523.1N 0244810.7E. ELEV 286FT AMSL (HEIGHT 140FT AGL).
NOT LIGHTED.
)

New NOTAM added:
(A0327/26 NOTAMR
Q)EETT/GWXX/IV/NBO/E/000/999/5849N02426E999
A)EETT B)2602130625 C)2605132359
E)PRECAUTION - GNSS SIGNAL INTERFERENCE AND/OR SPOOFING CAN BE
EXPECTED IN TALLINN FIR. AIRCREW ARE ASKED TO INFORM AN ATC OF ANY
GNSS INTERFERENCE OR SPOOFING DETECTED.
)

New NOTAM added:
(A0331/26 NOTAMN
Q)EETT/RTCA/IV/BO/W/000/045/5749N02717E005
A)EETT B)2603020501 C)2603311659
D)02-06 09-13 16-20 23-28 0501-1759, 29-31 0401-1659
E)TEMPO RESTRICTED AREA EER2575UAS ESTABLISHED DUE TO UNMANNED
AIRCRAFT ACTIVITY WI 6.5KM RADIUS CENTRED ON 574900N 0271700E.
PERMISSION FOR ENTERING THE AREA SHALL BE OBTAINED FROM TEL +372 5308
9222.
F)SFC G)4500FT AMSL
)

New NOTAM added:
(A0332/26 NOTAMN
Q)EETT/RTCA/IV/BO/W/000/040/5748N02652E006
A)EETT B)2603020501 C)2603311659
D)02-06 09-13 16-20 23-28 0501-1759, 29-31 0401-1659
E)TEMPO RESTRICTED AREA EER2589UAS ESTABLISHED DUE TO UNMANNED
AIRCRAFT ACTIVITY WI 8KM RADIUS CENTRED ON 574817N 0265154E.
PERMISSION FOR ENTERING THE AREA SHALL BE OBTAINED FROM TEL + 372
5308 9222.
F)SFC G)4000FT AMSL
)

New NOTAM added:
(A0370/26 NOTAMR
Q)EETT/AFLP/IV/NBO/E/000/999/5849N02426E999
A)EETT B)2602200740 C)2605201900
E)ALL AIRCRAFT OWNED, CHARTERED OR OPERATED BY CITIZENS OF THE
RUSSIAN FEDERATION, OPERATORS HOLDING AIR OPERATOR CERTIFICATE (AOC)
ISSUED BY THE RUSSIAN FEDERATION AUTHORITIES ARE PROHIBITED TO ENTER,
EXIT OR OVERFLY ESTONIAN AIRSPACE EXCEPT HUMANITARIAN FLIGHTS AND SAR
FLIGHTS WITH THE PERMISSION OF THE ESTONIAN TRANSPORT ADMINISTRATION
AND IN CASE OF EMERGENCY LANDING OR EMERGENCY OVERFLIGHT.
)

New NOTAM added:
(A0371/26 NOTAMR
Q)EETT/AFXX/IV/NBO/E/000/999/5849N02426E999
A)EETT B)2602200747 C)2605201900
E)ESTONIAN AIR CARRIERS AND CAPTAINS OF AIRCRAFT IN CHARGE OF AIR
SERVICE MANAGED BY CARRIERS HOLDERS OF OPERATING LICENCE ISSUED BY
ESTONIA, WHETHER THEY ARE CONTRACTUAL CARRIERS AND OR DE FACTO
CARRIERS, OR PERFORMING AIR SERVICE WITH COMMERCIAL CHARTER AGREEMENT
OR WITH CODE SHARING AND TO ALL FLIGHT PERFORMED WITH ESTONIAN
AIRCRAFT REGISTRATION, ARE REQUESTED TO AVOID MINSK FIR (UMMV).
FOREIGN AIR CARRIERS INBOUND EU ARE RECOMMENDED TO AVOID BELARUS
MINSK FIR(UMMV).
FOR MORE INFORMATION EASA SAFETY DIRECTIVE SD2021-02.
)

New NOTAM added:
(A0380/26 NOTAMN
Q)EETT/RDCA/IV/BO/W/000/024/5915N02554E002
A)EETT B)2603010600 C)2603311900
D)01-28 0600-2000, 29-31 0500-1900
E)DANGER AREA EED13 TAPA1 ACTIVATED.
F)SFC G)2400FT AMSL
)

New NOTAM added:
(A0381/26 NOTAMN
Q)EETT/RDCA/IV/BO/W/000/017/5921N02728E001
A)EETT B)2603010600 C)2603311900
D)01-28 0600-2000, 29-31 0500-1900
E)DANGER AREA EED26 VIRU ACTIVATED.
F)SFC G)1700FT AMSL
)

New NOTAM added:
(A0391/26 NOTAMN
Q)EETT/RDCA/IV/BO/W/000/022/5901N02650E002
A)EETT B)2603140800 C)2603281700
D)14-22 25-28 0800-1700
E)DANGER AREA EED25 MURU ACTIVATED.
F)SFC G)2200FT AMSL
)

New NOTAM added:
(A0401/26 NOTAMN
Q)EETT/RDCA/IV/BO/W/000/021/5854N02331E002
A)EETT B)2603040800 C)2603291900
D)04-05 07-08 11-12 14-15 18-19 21-22 25-26 28-29 0800-1900
E)DANGER AREA EED5 KILTSI ACT.
F)SFC G)2100FT AMSL
)

New NOTAM added:
(A0424/26 NOTAMN
A)EETT B)2603020700 C)2603271600
D)MON-FRI 0700-1600
E)TEMPORARY SEGREGATED AREA EETSA21 NURMSI ACTIVATED FOR UNMANNED
AIRCRAFT ACTIVITY.
CHANGED VERTICAL LIMITS DURING ACTIVATION.
NON-PARTICIPATING AIRCRAFT (INCLUDING UNMANNED AIRCRAFT) ARE NOT
PERMITTED TO ENTER INTO ACTIVATED AREA.
PERMISSION FOR ENTERING THE AREA AND INFO ABOUT ACTIVITY AVAILABLE
FROM: +372 5650 2880.
F)GND G)FL055
)

New NOTAM added:
(A0439/26 NOTAMN
Q)EETT/SFXX/IV/BO/AE/000/050/5814N02231E017
A)EEKE B)2603010000 C)2603312359
E)KURESSAARE AFIS HR OF SERVICE:
MON THU 0530-1755,
TUE WED FRI 0530-0930 1100-1755,
SAT 0730-1100,
SUN 1400-1755,
EXCEPT 29 1300-1655, 30 0430-1655, 31 0430-0830 1000-1655.
SERVICE MAY BE AVAILABLE OUTSIDE PUBLISHED OPR HR.
)

New NOTAM added:
(A0442/26 NOTAMR
Q)EETT/AFXX/IV/NBO/E/000/999/5849N02426E999
A)EETT B)2602270637 C)2605271200
E)MILITARY INVASION OF UKRAINE BY RUSSIAN FEDERATION. ESTONIAN AIR
OPERATORS AND OWNERS OF AIRCRAFT REGISTERED IN ESTONIA SHALL NOT
ENTER UIR KYIV (UKBU), FIR LVIV (UKLV), FIR KYIV(UKBV),FIR
DNIPROPETROVSK (UKDV), FIR SIMFEROPOL (UKFV), FIR ODESA(UKOV),FIR
ROSTOV (URRV). SAID OPERATORS AND AIRCRAFT OWNERS SHALL ALSO AVOID
FLIGHT OPERATIONS WITHIN THE BUFFER ZONE EXTENDING OUT TO 200NM ALONG
THE UKRAINE/RUSSIA BORDER. OPERATIONS WITHIN THE FIR CHISINAU (LUUU)
AIRSPACE SHALL ONLY BE UNDERTAKEN IN COMPLIANCE WITH APPLICABLE
AERONAUTICAL PUBLICATIONS ISSUED BY REPUBLIC OF MOLDOVA. ADDITIONAL
RISK ASSESSMENT AND FLIGHT PLANNING DECISIONS SHALL BE TAKEN BEFORE
OPERATING IN THE FOLLOWING AIRSPACE: MOSCOW (UUWV).
)

New NOTAM added:
(A0445/26 NOTAMN
Q)EETT/RDCA/IV/BO/W/000/022/5933N02618E002
A)EETT B)2603010600 C)2603311500
D)01-12 0600-1800, 14-22 0600-1800, 26-31 0600-1500
E)DANGER AREA EED8 RUTJA ACTIVATED.
F)SFC G)2200FT AMSL
)

New NOTAM added:
(A0448/26 NOTAMR
Q)EETT/OBCE/IV/M/A/000/999/5916N02413E005
A)EEEI B)2602271608 C)2603311400
E)ANTENNA AT POSITION 591513.78N 0241158.81E. ELEVATION 157FT AMSL.
LIGHTED.
)

New NOTAM added:
(A0451/26 NOTAMR
Q)EETT/FUAU/IV/NBO/A/000/999/5818N02641E005
A)EETU B)2602272310 C)2604301200
E)FUEL AVGAS 100LL NOT AVAILABLE.
)

New NOTAM added:
(A0453/26 NOTAMN
Q)EETT/FAAH/IV/BO/A/000/999/5814N02231E005
A)EEKE B)2603010900 C)2603282359
E)AD OPR HOURS:
MON-FRI 0525-1755
SAT 0730-1230
SUN 0755-1755
)

New NOTAM added:
(A0454/26 NOTAMN
Q)EETT/FUAH/IV/BO/A/000/999/5814N02231E005
A)EEKE B)2603010900 C)2603282359
E)FUELLING HR OF SERVICE:
MON-FRI 0730-1600
SAT 0930-1200
SUN 0755-1600
)

New NOTAM added:
(A0457/26 NOTAMR
Q)EETT/RTCA/IV/BO/W/000/035/5815N02708E045
A)EETT B)2603020957 C)2604121659
D)MAR 02 0957-1759, MAR 03-28 0500-1759, MAR 29-31 0400-1659, APR
01-12
0400-1659
E)TEMPORARY RESTRICTED AREA EER2509A ESTABLISHED DUE TO UNMANNED
AIRCRAFT ACTIVITY WITHIN: 575444N 0272910E - 580559N 0272731E -
583608N 0270757E - 584916N 0264357E - 585913N 0265143E - 585959N
0271000E - 584800N 0271600E - 584722N 0272141E - THEN ALONG THE
TERRITORY DIVIDING LINE BETWEEN ESTONIA AND RUSSIA TO 573104N
0272102E - THEN ALONG THE TERRITORY DIVIDING LINE BETWEEN ESTONIA AND
LATVIA TO 573311N 0271110E - 575444N 0272910E.
ALL AIRCRAFT (INCLUDING UNMANNED AIRCRAFT) ARE PROHIBITED TO FLY INTO
OR IN THE AREA WITHOUT
AUTHORISATION FROM ESTONIAN POLICE AND BORDER GUARD BOARD.
PERMISSION FOR ENTERING THE AREA SHALL BE OBTAINED FROM TEL +372 5309
4264.
RESTRICTION DOES NOT APPLY TO ESTONIAN POLICE AND BORDER GUARD BOARD
UNMANNED FLIGHTS AT HEIGHTS UP TO 400FT.
F)SFC G)3500FT AMSL
)

New NOTAM added:
(A0458/26 NOTAMR
Q)EETT/RTCA/IV/BO/W/000/035/5912N02730E025
A)EETT B)2603021014 C)2604121659
D)MAR 02 1014-1759, MAR 03-28 0500-1759, MAR 29-31 0400-1659,
APR 01-12 0400-1659
E)TEMPORARY RESTRICTED AREA EER2509B ESTABLISHED DUE TO UNMANNED
AIRCRAFT ACTIVITY WITHIN: 593300N 0273900E - 593519N 0274213E -
592818N 0280236E - THEN ALONG THE TERRITORY DIVIDING LINE BETWEEN
ESTONIA AND RUSSIA TO 584722N 0272141E - 584800N 0271600E - 585959N
0271000E - 593300N 0273900E.
ALL AIRCRAFT (INCLUDING UNMANNED AIRCRAFT) ARE PROHIBITED TO FLY INTO
OR IN THE AREA WITHOUT AUTHORISATION FROM ESTONIAN POLICE AND BORDER
GUARD BOARD.
PERMISSION FOR ENTERING THE AREA SHALL BE OBTAINED FROM TEL +372 5382
3704.
RESTRICTION DOES NOT APPLY TO ESTONIAN POLICE AND
BORDER GUARD BOARD UNMANNED FLIGHTS AT HEIGHTS UP TO 400FT.
F)SFC G)3500FT AMSL
)

New NOTAM added:
(A0460/26 NOTAMN
Q)EETT/RTCA/IV/BO/W/010/038/5912N02730E025
A)EETT B)2603021800 C)2604122359
D)MAR 02 1800-2359, MAR 03-28 0000-0500 1800-2359, MAR 29-31
0000-0400
1700-2359, APR 01-12 0000-0400 1700-2359
E)TEMPORARY RESTRICTED AREA EER2509C ESTABLISHED DUE TO UNMANNED
AIRCRAFT ACTIVITY WITHIN: 593519N 0274213E - 592818N 0280236E - THEN
ALONG THE TERRITORY DIVIDING LINE BETWEEN ESTONIA AND RUSSIA TO
584722N 0272141E - 584800N 0271600E - 590000N 0273700E - 591800N
0275000E - 592200N 0280400E - 592500N 0280000E - 593300N 0273900E -
593519N 0274213E.
ALL AIRCRAFT (INCLUDING UNMANNED AIRCRAFT) ARE PROHIBITED TO FLY INTO
OR IN THE AREA WITHOUT AUTHORISATION FROM ESTONIAN POLICE AND BORDER
GUARD BOARD.
PERMISSION FOR ENTERING THE AREA SHALL BE OBTAINED FROM TEL +372 5382
3704.
RESTRICTION DOES NOT APPLY TO SAR, HOSP, ESTONIAN POLICE AND BORDER
GUARD BOARD FLIGHTS.
F)1000FT AGL G)3500FT AGL
)

New NOTAM added:
(A0462/26 NOTAMN
Q)EETT/RTCA/IV/BO/W/010/043/5810N02719E039
A)EETT B)2603021800 C)2604122359
D)MAR 02 1800-2359, MAR 03-28 0000-0500 1800-2359, MAR 29-31
0000-0400
1700-2359, APR 01-12 0000-0400 1700-2359
E)TEMPORARY RESTRICTED AREA EER2509D ESTABLISHED DUE TO UNMANNED
AIRCRAFT ACTIVITY WI: 584800N 0271600E - 584722N 0272141E - THEN
ALONG THE TERRITORY DIVIDING LINE BETWEEN ESTONIA AND RUSSIA TO
573104N 0272102E - THEN ALONG THE TERRITORY DIVIDING LINE BETWEEN
ESTONIA AND LATVIA TO 573311N 0271110E - 575800N 0273300E - 581200N
0272400E - 583000N 0272400E - 584800N 0271600E.
ALL AIRCRAFT (INCLUDING UNMANNED AIRCRAFT) ARE PROHIBITED TO FLY INTO
OR IN THE AREA WITHOUT AUTHORISATION FROM ESTONIAN POLICE AND BORDER
GUARD BOARD.
PERMISSION FOR ENTERING THE AREA SHALL BE OBTAINED FROM TEL +372 5309
4264.
RESTRICTION DOES NOT APPLY TO SAR, HOSP, ESTONIAN
POLICE AND BORDER GUARD BOARD FLIGHTS.
F)1000FT AGL G)3500FT AGL
)

New NOTAM added:
(A0470/26 NOTAMR
Q)EETT/FAHX/IV/NBO/A/000/999/5916N02413E005
A)EEEI B)2603030949 C)2603231400
E)SEASONAL BIRDS ACTIVITY AT AERODROME, HIGHT UP TO 2000 FT AGL
TYPES OF BIRDS - SWANS  AND GEESE
MAX FLOCK SIZE - 100 BIRDS
BIRD WEIGHT - UP TO 8000 GRAMS
MAIN MOVING DIRECTION - N, E.
)

New NOTAM added:
(A0472/26 NOTAMN
Q)EETT/FAHX/IV/NBO/A/000/999/5916N02413E005
A)EEEI B)2603030955 C)2603231400
E)CONCENTRATION OF BIRDS ON MANEUVERING AREA AND VICINITY OF
AERODROME
TYPE OF BIRDS - GEESE, CRANES, RAPTORS AND LAPWINGS
BIRD WEIGHT - UP TO 6000 GRAMS
MAX FLOCK SIZE - 50 BIRDS.
)

New NOTAM added:
(A0473/26 NOTAMN
Q)EETT/FAHX/IV/NBO/A/000/999/5925N02450E005
A)EETN B)2603031015 C)2603231400
E)CONCENTRATION OF BIRDS ON MANEUVERING AREA AND VICINITY OF
AERODROME
TYPE OF BIRDS - LAPWINGS, GULLS, CROWS AND STARLINGS
BIRD WEIGHT - UP TO 1700 GRAMS
MAX FLOCK SIZE - 50 BIRDS.
)

New NOTAM added:
(A0474/26 NOTAMN
Q)EETT/FAHX/IV/NBO/A/000/999/5925N02450E005
A)EETN B)2603031015 C)2603231400
E)SEASONAL BIRDS ACTIVITY AT AERODROME, HEIGHT UP TO 2000 FT AGL
TYPES OF BIRDS - SWANS  AND GEESE
MAX FLOCK SIZE - 100 BIRDS
BIRD WEIGHT - UP TO 8000 GRAMS
MAIN MOVING DIRECTION - NORTH, EAST.
)

New NOTAM added:
(A0484/26 NOTAMR
Q)EETT/RTCA/IV/BO/AW/000/050/5823N02654E002
A)EETU B)2603040842 C)2605292359
E)TEMPORARY RESTRICTED AREA EER2610 ESTABLISHED TO RESTRICT UNMANNED
AIRCRAFT FLIGHTS WITHIN:
582234N 0265250E - 582251N 0265302E - 582301N 0265356E - 582255N
0265431E - 582219N 0265443E - 582206N 0265423E - 582203N 0265340E -
582212N 0265320E - 582210N 0265312E - 582211N 0265256E - 582234N
0265250E.
UNMANNED AIRCRAFT ARE FORBIDDEN TO FLY INTO OR IN THE AREA WITHOUT
AUTHORISATION FROM ESTONIAN DEFENCE FORCES. PERMISSION FOR ENTERING
THE AREA SHALL BE OBTAINED FROM TEL +372 719 3037.
F)SFC G)5000FT AMSL
)

New NOTAM added:
(A0485/26 NOTAMR
Q)EETT/RTCA/IV/BO/AW/000/050/5820N02631E001
A)EETU B)2603040845 C)2605292359
E)TEMPORARY RESTRICTED AREA EER2609 ESTABLISHED TO RESTRICT UNMANNED
AIRCRAFT FLIGHTS WITHIN:
581957N 0262938E - 582005N 0263023E - 582018N 0263039E - 582023N
0263103E - 582013N 0263132E - 582015N 0263140E - 582009N 0263207E -
581944N 0263227E - 581938N 0263207E - 581936N 0263211E - 581930N
0263201E - 581924N 0263159E - 581920N 0263128E - 581927N 0263115E-
581912N 0262955E - 581942N 0263027E - 581957N 0262938E. UNMANNED
AIRCRAFT ARE FORBIDDEN TO FLY INTO OR IN THE AREA WITHOUT
AUTHORISATION FROM ESTONIAN DEFENCE FORCES. PERMISSION FOR ENTERING
THE AREA SHALL BE OBTAINED FROM TEL +372 719 3037.
F)SFC G)5000FT AMSL
)

New NOTAM added:
(A0487/26 NOTAMN
Q)EETT/RDCA/IV/BO/W/000/092/5749N02648E004
A)EETT B)2603110600 C)2603291159
D)11 0600-1659, 12 0600-1359, 13 0600-1659, 14 0600-1559, 16 0600-17
1859, 19 20 0600-1859, 23 0600-1459, 29 0600-1159
E)DANGER AREA EED4 NURSIPALU 2 ACTIVATED. INFORMATION ABOUT ACTIVITY
AVAILABLE FROM +372 507 2683.
F)SFC G)9200FT AMSL
)

New NOTAM added:
(A0492/26 NOTAMN
Q)EETT/OBCE/IV/M/A/000/999/5925N02450E005
A)EETN B)2603090600 C)2606081200
E)CRANE AT POSITION 592519.4N 0244812.5E. ELEVATION 330FT AMSL
(HEIGHT 183FT AGL). LIGHTED.
)

New NOTAM added:
(A0493/26 NOTAMN
Q)EETT/RTCA/IV/BO/W/000/020/5852N02544E001
A)EETT B)2603190600 C)2603201700
E)TEMPORARY RESTRICTED AREA EER2614 ESTABLISHED DUE TO CANSAT
ESTONIA COMPETITION: CONTROLLED RELEASE OF CANSAT-TYPE  EDUCATIONAL
PAYLOADS AND UNMANNED AIRCRAFT ACTIVITY WITHIN: 585134N 0254415E -
585158N 0254333E - 585209N 0254355E - 585145N 0254438E - 585134N
0254415E.
NON-PARTICIPATING AIRCRAFT (INCLUDING UNMANNED AIRCRAFT) ARE NOT
PERMITTED TO ENTER INTO ACTIVATED AREA. PERMISSION FOR ENTERING THE
AREA SHALL BE OBTAINED FROM TEL +372 56944170.
F)SFC G)1700FT AGL
)

New NOTAM added:
(A0503/26 NOTAMN
Q)EETT/RDCA/IV/BO/W/000/044/5922N02549E007
A)EETT B)2603081600 C)2603221559
D)08 1600-2059, 13 1500-14 0359, 16 0600-22 1559
E)DANGER AREA EED14 TAPA 2 ACTIVATED.
CHANGED VERTICAL LIMITS DURING ACTIVATION.
INFO ABOUT ACTIVATION AVAILABLE FROM +372 5326 4560.
F)SFC G)4400FT AMSL
)

New NOTAM added:
(A0510/26 NOTAMR
Q)EETT/FAAH/IV/BO/A/000/999/5818N02641E005
A)EETU B)2603061318 C)2603312359
E)AERODROME OPERATING HOURS:
MON-FRI 0330-0500 0700-1500 2215-2330
SAT 0330-0500
SUN 0730-1500 2215-2330
EXCEPT:
09 0330-0500 0700-1630 2215-2330,
16 0330-0500 0600-1530 2215-2330,
29 0630-0900 1000-1400 2115-2200,
30 31 0230-0400 0600-1400 2115-2200.
)

New NOTAM added:
(A0511/26 NOTAMR
Q)EETT/SFXX/IV/BO/AE/000/095/5819N02646E034
A)EETU B)2603061321 C)2603312359
E)TARTU AFIS HR OF SERVICE:
MON-FRI 0330-0500 0700-1000 1130-1500 2215-2330
SAT 0330-0500
SUN 0730-1000 1100-1500 2215-2330
EXCEPT:
09 0330-0500 0700-1630 2215-2330,
16 0330-0500 0600-1530 2215-2330,
29 0630-0900 1000-1400 2115-2200,
30, 31 0230-0400 0600-0900 1030-1400 2115-2200.
SERVICE MAY BE AVAILABLE OUTSIDE PUBLISHED OPR HR. IF SERVICE IS NOT
AVAILABLE, INFORMATION ON ATIS CHANNEL 123.130.
)

New NOTAM added:
(A0516/26 NOTAMN
Q)EETT/FAHX/IV/NBO/A/000/999/5818N02641E005
A)EETU B)2603081315 C)2605291400
E)SEASONAL BIRDS ACTIVITY ON MANEUVERING AREA AND VICINITY OF AD.
TYPE OF BIRDS: GEESE, CROWS, GULLS, SKYLARKS, STARLINGS, LAPWINGS,
LITTLE RINGED PLOVERS, COMMON CRANES, WHITE STORKES.
)

New NOTAM added:
(A0520/26 NOTAMN
Q)EETT/MRXX/IV/NBO/A/000/999/5916N02413E005
A)EEEI B)2603090835
E)RWY 24 TAKE OFF DISTANCE, AIP PART AD 2.EEEI-AOC-A-06-24:  RWY 24
TODA READ 2900 INSTEAD OF 3050.
)

New NOTAM added:
(A0522/26 NOTAMN
Q)EETT/RDCA/IV/BO/AW/000/019/5816N02656E001
A)EETU B)2603161000 C)2603311659
D)16 1000-1759, 17 0600-1559, 18 0700-1559, 19 0700-1759, 20 1600-22
1659, 23 0800-1959, 25 0700-1659, 26 0800-1959, 27 0700-1459, 28
0700-29 1659, 31 1200-1659
E)DANGER AREA EED2 UNIKULA ACTIVATED
INFO ABOUT ACT AVBL FROM: +372 525 8504
AREA DEACTIVATION IS POSS BY ATS.
F)SFC G)1900FT AMSL
)

New NOTAM added:
(A0523/26 NOTAMN
Q)EETT/RDCA/IV/BO/AW/000/022/5819N02448E002
A)EEPU B)2603161100 C)2603291459
D)16 1100-1359, 17-19 0700-1359, 20 0600-1559, 21 0600-1759, 22
0600-1759, 23 0800-1959, 24-26 0500-1959, 27 0500-1259, 28 0600-1759,
29 0500-1459
E)DANGER AREA EED32 KIKEPERA ACT.
INFO ABOUT ACT AVBL FROM +372 5303 2206.
F)SFC G)2200FT AMSL
)

New NOTAM added:
(A0524/26 NOTAMN
Q)EETT/RDCA/IV/BO/AW/000/021/5919N02412E003
A)EEEI B)2603160600 C)2603311359
D)16 0600-1459, 17 0500-1459, 18 19 0600-1459, 20 0700-1159, 21
0600-22 1459, 23 0800-26 1559, 27 0800-1359, 28 0600-1659, 29 31
0500-1359
E)DANGER AREA EED16 KLOOGA 1 ACT.
INFO ABOUT ACT AVBL FROM +372 5332 6746.
F)SFC G)2100FT AMSL
)

New NOTAM added:
(A0525/26 NOTAMN
Q)EETT/RDCA/IV/BO/AW/000/017/5920N02443E003
A)EETN B)2603160600 C)2603301359
D)16 0600-1459, 17 0700-1359, 18 0700-1159, 19 0800-1359, 20
0700-1159, 23 0700-1359, 24 0600-1459, 25 0700-1259, 26 0700-1159, 27
0800-1459, 28 0600-1759, 29 30 0500-1359
E)DANGER AREA EED20 MANNIKU ACT. INFO ABOUT ACT AVBL FROM +372 503
4102
F)SFC G)1700FT AMSL
)

New NOTAM added:
(A0527/26 NOTAMN
Q)EETT/OBCE/IV/M/AE/000/005/5926N02445E001
A)EETN B)2603101300 C)2606101200
E)CRANE ERECTED AT PSN 592555.5N 0244527.5E.
ELEV 406FT AMSL (HEIGHT 371FT AGL). LIGHTED.
)

New NOTAM added:
(A0531/26 NOTAMN
Q)EETT/RDCA/IV/BO/W/000/043/5918N02742E005
A)EETT B)2603170500 C)2603201159
D)17 0500-1759, 19 0400-1659, 20 0400-1159
E)DANGER AREA EED17 SIRGALA 2 ACT.
CHANGED VERTICAL LIMITS DURING ACTIVATION.
INFO ABOUT ACT AVBL FROM +372 5302 7449.
F)SFC G)4300FT AMSL
)

New NOTAM added:
(A0540/26 NOTAMR
Q)EETT/OBCE/IV/M/A/000/999/5925N02450E005
A)EETN B)2603120643 C)2606120700
E)CRANE ERECTED IN AREA 2 AT PSN 592521.4N 0243831.5E.
ELEV 221FT AMSL (HEIGHT 189FT AGL). LIGHTED.
)

New NOTAM added:
(A0541/26 NOTAMR
Q)EETT/AFLP/IV/NBO/E/000/999/5849N02426E999
A)EETT B)2603120715 C)2606121800
E)ALL BELARUSIAN AIR CARRIERS WHETHER THEY ARE ACTUAL OR MARKETING
CARRIERS ARE PROHIBITED TO LAND, TAKE OFF FROM OR OVERFLY TERRITORY
WITHIN TALLINN FIR ACCORDING TO COUNCIL OF THE EUROPEAN UNION
DECISION ON 4TH OF JUNE 2021.
)

New NOTAM added:
(A0547/26 NOTAMN
Q)EETT/RRCA/IV/BO/W/000/040/5914N02556E013
A)EETT B)2603170700 C)2603191500
D)DAILY 0700-1500
E)RESTRICTED AREA EER15F ACTIVATED.
CHANGED VERTICAL LIMITS DURING ACT.
NON-PARTICIPATING AIRCRAFT (INCLUDING UA) ARE NOT PERMITTED TO ENTER
INTO ACTIVATED AREA. PERMISSION FOR ENTERING THE AREA AND INFO ABOUT
ACT AVBL FROM: +372 5552 1337.
F)GND G)4000FT AMSL
)

New NOTAM added:
(A0549/26 NOTAMN
Q)EETT/OBCE/IV/M/AE/000/005/5926N02446E001
A)EETN B)2603131230
E)E)BUILDING AT PSN 592545.8N 0244536.0E.
ELEV 407FT AMSL (HEIGHT 361FT AGL). LIGHTED.
REF AIP ENR 5.4, EETN AD 2.10.
)

New NOTAM added:
(A0568/26 NOTAMN
Q)EETT/RRCA/IV/BO/W/000/027/5930N02640E020
A)EETT B)2603180800 C)2603191330
D)DAILY 0800-1330
E)RESTRICTED AREA EER15E ACT.
CHANGED VERTICAL LIMITS DURING ACT.
NON-PARTICIPATING AIRCRAFT (INCLUDING UA) ARE NOT PERMITTED TO ENTER
INTO ACTIVATED AREA. PERMISSION FOR ENTERING THE AREA AND INFO ABOUT
ACT AVBL FROM: +372 5301 5310.
F)SFC G)2700FT AMSL
)

New NOTAM added:
(A0574/26 NOTAMN
Q)EETT/RTCA/IV/BO/W/000/092/5756N02659E006
A)EETT B)2603190700 C)2603201759
D)DAILY 0700-1759
E)TEMPO RESTRICTED AREA EER2410B ESTABLISHED DUE TO UNMANNED 
AIRCRAFT
ACTIVITY WI 5NM RADIUS CENTRED ON 575623N 0265848E (EERI AD).
ALL AIRCRAFT (INCLUDING UNMANNED AIRCRAFT) ARE PROHIBITED TO FLY INTO
OR IN THE AREA WITHOUT AUTHORISATION FROM ESTONIAN POLICE AND BORDER
GUARD BOARD. PERMISSION FOR ENTERING THE AREA SHALL BE OBTAINED FROM
TEL +372 53094264. RESTRICTION DOES NOT APPLY TO SAR, HOSP, ESTONIAN
POLICE AND BORDER GUARD BOARD FLIGHTS.
F)SFC G)9200FT AMSL
)

New NOTAM added:
(A0576/26 NOTAMR
Q)EETT/PDAU/I/NBO/A/000/999/5818N02641E005
A)EETU B)2603181140 C)2606161000
E)RNAV RWY 26 SID SUMIM 1B NOT AVAILABLE.
)

New NOTAM added:
(A0577/26 NOTAMN
Q)EETT/IGAS/I/NBO/A/000/999/5916N02413E005
A)EEEI B)2603190730 C)2603191100
E)ILS GP RWY 06 U/S DUE TO MAINT.
)

New NOTAM added:
(A3983/25 NOTAMN
Q)EETT/POCH/I/NBO/A/000/999/5818N02641E005
A)EETU B)2512091400
E)OCA(H) VALUES FOR RNP RWY 08 CHANGED AS FOLLOWS:
LPV CAT A 491 (281) CAT B 503 (293) CAT C 511 (301),
LNAV/VNAV CAT A 498 (288) CAT B 510 (300) CAT C 519 (309).
REF AIP AD 2.EETU-IAC-08-2.
)

New NOTAM added:
(A4083/25 NOTAMR
Q)EETT/RTCA/IV/BO/W/000/007/5918N02707E003
A)EETT B)2512191125 C)2603191800
D)DEC 19 1125-1800, DEC 20-MAR 19 0500-1800
E)TEMPO RESTRICTED AREA EER25109UAS ESTABLISHED DUE TO UNMANNED
AIRCRAFT ACTIVITY WITHIN 591916N 0271026E - 591715N 0271027E -
591713N 0270359E - 591914N 0270356E - 591916N 0271026E.
PERMISSION FOR ENTERING THE AREA SHALL BE OBTAINED FROM TEL +372 5340
0535.
F)SFC G)400FT AGL
)
[2026-03-18T20:12:24Z] NO CHANGE in dynamicData.notams.
[2026-03-18T20:15:18Z] NO CHANGE in dynamicData.notams.
[2026-03-18T20:17:14Z] CHANGE DETECTED in dynamicData.notams
URL: https://aim.eans.ee/web/notampib/area24.json

New NOTAMs:
New NOTAM added:
(A0576/26 NOTAMR
Q)EETT/PDAU/I/NBO/A/000/999/5818N02641E005
A)EETU B)2603181140 C)2606161000
E)RNAV RWY 26 SID SUMIM 1B NOT AVAILABLE.
)
[2026-03-18T20:22:09Z] CHANGE DETECTED in dynamicData.notams
URL: https://aim.eans.ee/web/notampib/area24.json

New NOTAMs:
New NOTAM added:
(A0568/26 NOTAMN
Q)EETT/RRCA/IV/BO/W/000/027/5930N02640E020
A)EETT B)2603180800 C)2603191330
D)DAILY 0800-1330
E)RESTRICTED AREA EER15E ACT.
CHANGED VERTICAL LIMITS DURING ACT.
NON-PARTICIPATING AIRCRAFT (INCLUDING UA) ARE NOT PERMITTED TO ENTER
INTO ACTIVATED AREA. PERMISSION FOR ENTERING THE AREA AND INFO ABOUT
ACT AVBL FROM: +372 5301 5310.
F)SFC G)2700FT AMSL
)
[2026-03-18T20:30:36Z] NO CHANGE in dynamicData.notams.
[2026-03-18T20:32:27Z] CHANGE DETECTED in dynamicData.notams
URL: https://aim.eans.ee/web/notampib/area24.json

New NOTAMs:
New NOTAM added:
(A0568/26 NOTAMN
Q)EETT/RRCA/IV/BO/W/000/027/5930N02640E020
A)EETT B)2603180800 C)2603191330
D)DAILY 0800-1330
E)RESTRICTED AREA EER15E ACT.
CHANGED VERTICAL LIMITS DURING ACT.
NON-PARTICIPATING AIRCRAFT (INCLUDING UA) ARE NOT PERMITTED TO ENTER
INTO ACTIVATED AREA. PERMISSION FOR ENTERING THE AREA AND INFO ABOUT
ACT AVBL FROM: +372 5301 5310.
F)SFC G)2700FT AMSL
)

New NOTAM added:
(A0574/26 NOTAMN
Q)EETT/RTCA/IV/BO/W/000/092/5756N02659E006
A)EETT B)2603190700 C)2603201759
D)DAILY 0700-1759
E)TEMPO RESTRICTED AREA EER2410B ESTABLISHED DUE TO UNMANNED 
AIRCRAFT
ACTIVITY WI 5NM RADIUS CENTRED ON 575623N 0265848E (EERI AD).
ALL AIRCRAFT (INCLUDING UNMANNED AIRCRAFT) ARE PROHIBITED TO FLY INTO
OR IN THE AREA WITHOUT AUTHORISATION FROM ESTONIAN POLICE AND BORDER
GUARD BOARD. PERMISSION FOR ENTERING THE AREA SHALL BE OBTAINED FROM
TEL +372 53094264. RESTRICTION DOES NOT APPLY TO SAR, HOSP, ESTONIAN
POLICE AND BORDER GUARD BOARD FLIGHTS.
F)SFC G)9200FT AMSL
)

New NOTAM added:
(A0576/26 NOTAMR
Q)EETT/PDAU/I/NBO/A/000/999/5818N02641E005
A)EETU B)2603181140 C)2606161000
E)RNAV RWY 26 SID SUMIM 1B NOT AVAILABLE.
)
[2026-03-18T20:40:22Z] CHANGE DETECTED in dynamicData.notams
URL: https://aim.eans.ee/web/notampib/area24.json

New NOTAMs:
New NOTAM added:
(A0574/26 NOTAMN
Q)EETT/RTCA/IV/BO/W/000/092/5756N02659E006
A)EETT B)2603190700 C)2603201759
D)DAILY 0700-1759
E)TEMPO RESTRICTED AREA EER2410B ESTABLISHED DUE TO UNMANNED 
AIRCRAFT
ACTIVITY WI 5NM RADIUS CENTRED ON 575623N 0265848E (EERI AD).
ALL AIRCRAFT (INCLUDING UNMANNED AIRCRAFT) ARE PROHIBITED TO FLY INTO
OR IN THE AREA WITHOUT AUTHORISATION FROM ESTONIAN POLICE AND BORDER
GUARD BOARD. PERMISSION FOR ENTERING THE AREA SHALL BE OBTAINED FROM
TEL +372 53094264. RESTRICTION DOES NOT APPLY TO SAR, HOSP, ESTONIAN
POLICE AND BORDER GUARD BOARD FLIGHTS.
F)SFC G)9200FT AMSL
)
[2026-03-18T20:42:30Z] NO CHANGE in dynamicData.notams.
[2026-03-18T20:43:56Z] NO CHANGE in dynamicData.notams.
[2026-03-18T20:45:19Z] CHANGE DETECTED in dynamicData.notams
URL: https://aim.eans.ee/web/notampib/area24.json

New NOTAMs:
New NOTAM added:
(A0524/26 NOTAMN
Q)EETT/RDCA/IV/BO/AW/000/021/5919N02412E003
A)EEEI B)2603160600 C)2603311359
D)16 0600-1459, 17 0500-1459, 18 19 0600-1459, 20 0700-1159, 21
0600-22 1459, 23 0800-26 1559, 27 0800-1359, 28 0600-1659, 29 31
0500-1359
E)DANGER AREA EED16 KLOOGA 1 ACT.
INFO ABOUT ACT AVBL FROM +372 5332 6746.
F)SFC G)2100FT AMSL
)

New NOTAM added:
(A0525/26 NOTAMN
Q)EETT/RDCA/IV/BO/AW/000/017/5920N02443E003
A)EETN B)2603160600 C)2603301359
D)16 0600-1459, 17 0700-1359, 18 0700-1159, 19 0800-1359, 20
0700-1159, 23 0700-1359, 24 0600-1459, 25 0700-1259, 26 0700-1159, 27
0800-1459, 28 0600-1759, 29 30 0500-1359
E)DANGER AREA EED20 MANNIKU ACT. INFO ABOUT ACT AVBL FROM +372 503
4102
F)SFC G)1700FT AMSL
)

New NOTAM added:
(A0527/26 NOTAMN
Q)EETT/OBCE/IV/M/AE/000/005/5926N02445E001
A)EETN B)2603101300 C)2606101200
E)CRANE ERECTED AT PSN 592555.5N 0244527.5E.
ELEV 406FT AMSL (HEIGHT 371FT AGL). LIGHTED.
)

New NOTAM added:
(A0531/26 NOTAMN
Q)EETT/RDCA/IV/BO/W/000/043/5918N02742E005
A)EETT B)2603170500 C)2603201159
D)17 0500-1759, 19 0400-1659, 20 0400-1159
E)DANGER AREA EED17 SIRGALA 2 ACT.
CHANGED VERTICAL LIMITS DURING ACTIVATION.
INFO ABOUT ACT AVBL FROM +372 5302 7449.
F)SFC G)4300FT AMSL
)

New NOTAM added:
(A0547/26 NOTAMN
Q)EETT/RRCA/IV/BO/W/000/040/5914N02556E013
A)EETT B)2603170700 C)2603191500
D)DAILY 0700-1500
E)RESTRICTED AREA EER15F ACTIVATED.
CHANGED VERTICAL LIMITS DURING ACT.
NON-PARTICIPATING AIRCRAFT (INCLUDING UA) ARE NOT PERMITTED TO ENTER
INTO ACTIVATED AREA. PERMISSION FOR ENTERING THE AREA AND INFO ABOUT
ACT AVBL FROM: +372 5552 1337.
F)GND G)4000FT AMSL
)

New NOTAM added:
(A0549/26 NOTAMN
Q)EETT/OBCE/IV/M/AE/000/005/5926N02446E001
A)EETN B)2603131230
E)E)BUILDING AT PSN 592545.8N 0244536.0E.
ELEV 407FT AMSL (HEIGHT 361FT AGL). LIGHTED.
REF AIP ENR 5.4, EETN AD 2.10.
)

New NOTAM added:
(A0568/26 NOTAMN
Q)EETT/RRCA/IV/BO/W/000/027/5930N02640E020
A)EETT B)2603180800 C)2603191330
D)DAILY 0800-1330
E)RESTRICTED AREA EER15E ACT.
CHANGED VERTICAL LIMITS DURING ACT.
NON-PARTICIPATING AIRCRAFT (INCLUDING UA) ARE NOT PERMITTED TO ENTER
INTO ACTIVATED AREA. PERMISSION FOR ENTERING THE AREA AND INFO ABOUT
ACT AVBL FROM: +372 5301 5310.
F)SFC G)2700FT AMSL
)

New NOTAM added:
(A0574/26 NOTAMN
Q)EETT/RTCA/IV/BO/W/000/092/5756N02659E006
A)EETT B)2603190700 C)2603201759
D)DAILY 0700-1759
E)TEMPO RESTRICTED AREA EER2410B ESTABLISHED DUE TO UNMANNED 
AIRCRAFT
ACTIVITY WI 5NM RADIUS CENTRED ON 575623N 0265848E (EERI AD).
ALL AIRCRAFT (INCLUDING UNMANNED AIRCRAFT) ARE PROHIBITED TO FLY INTO
OR IN THE AREA WITHOUT AUTHORISATION FROM ESTONIAN POLICE AND BORDER
GUARD BOARD. PERMISSION FOR ENTERING THE AREA SHALL BE OBTAINED FROM
TEL +372 53094264. RESTRICTION DOES NOT APPLY TO SAR, HOSP, ESTONIAN
POLICE AND BORDER GUARD BOARD FLIGHTS.
F)SFC G)9200FT AMSL
)
[2026-03-18T21:05:12Z] NO CHANGE in dynamicData.notams.
[2026-03-18T21:16:37Z] NO CHANGE in dynamicData.notams.
[2026-03-18T23:01:11Z] NO CHANGE in dynamicData.notams.
[2026-03-18T23:56:41Z] NO CHANGE in dynamicData.notams.
[2026-03-19T05:21:03Z] NO CHANGE in dynamicData.notams.
[2026-03-19T07:53:52Z] CHANGE DETECTED in dynamicData.notams
URL: https://aim.eans.ee/web/notampib/area24.json

New NOTAMs:
New NOTAM added:
(A0552/26 NOTAMN
Q)EETT/RDCA/IV/BO/AW/022/031/5819N02448E002
A)EEPU B)2603200600 C)2603221459
D)20 0600-1559, 21 0600-1759, 22 0600-1459
E)TEMPORARY DANGER AREA EED2409 ESTABLISHED FOR GUN FIRING ABOVE
LATERAL LIMITS OF DANGER AREA EED32 KIKEPERA WITHIN:
581915N 0244530E - 581932N 0245008E - 581734N 0244906E - 581823N
0244515E - 581915N 0244530E
INFO ABOUT ACT AVBL FROM TEL +372 5303 2206
F)2200FT AMSL G)3100FT AMSL
)

New NOTAM added:
(A0578/26 NOTAMN
Q)EETT/RTCA/IV/BO/W/000/006/5918N02707E003
A)EETT B)2603200300 C)2604301500
D)DAILY 0300-1500
E)TEMPO RESTRICTED AREA EER26128UAS ESTABLISHED DUE TO UNMANNED
AIRCRAFT ACTIVITY WITHIN 591916N 0271026E - 591708N 0271022E -
591701N 0270358E  - 591914N 0270356E - 591916N 0271026E.
PERMISSION FOR ENTERING THE AREA SHALL BE OBTAINED FROM TEL +372
5340053.
F)SFC G)400FT AGL
)
[2026-03-19T10:09:42Z] NO CHANGE in dynamicData.notams.
[2026-03-19T11:55:55Z] CHANGE DETECTED in dynamicData.notams
URL: https://aim.eans.ee/web/notampib/area24.json

Expired NOTAMs:
- NOTAM A0577/26 expired and was removed from the PIB.

New NOTAMs:
New NOTAM added:
(A0421/26 NOTAMN
Q)EETT/RDCA/IV/BO/W/000/022/5821N02551E002
A)EETT B)2603201000 C)2603221500
E)DANGER AREA EED9 VALUSTE ACTIVATED.
F)SFC G)2200FT AMSL
)
[2026-03-19T15:07:50Z] CHANGE DETECTED in dynamicData.notams
URL: https://aim.eans.ee/web/notampib/area24.json

Expired NOTAMs:
- NOTAM A0547/26 expired and was removed from the PIB.
- NOTAM A0568/26 expired and was removed from the PIB.

Replaced NOTAMs:
NOTAM A0331/26 was replaced with NOTAM A0584/26.
AFTN: (A0584/26 NOTAMR A0331/26

(A0584/26 NOTAMR A0331/26
Q)EETT/RTCA/IV/BO/W/000/045/5749N02717E005
A)EETT B)2603191352 C)2603201759
D)19 1352-1759, 20 0501-1759
E)TEMPO RESTRICTED AREA EER2575UAS ESTABLISHED DUE TO UNMANNED
AIRCRAFT ACTIVITY WI 6.5KM RADIUS CENTRED ON 574900N 0271700E.
PERMISSION FOR ENTERING THE AREA SHALL BE OBTAINED FROM TEL +372 5308
9222.
F)SFC G)4500FT AMSL
)

NOTAM A0332/26 was replaced with NOTAM A0583/26.
AFTN: (A0583/26 NOTAMR A0332/26

(A0583/26 NOTAMR A0332/26
Q)EETT/RTCA/IV/BO/W/000/040/5748N02652E006
A)EETT B)2603191335 C)2603201759
D)19 1335-1759, 20 0501-1759
E)TEMPO RESTRICTED AREA EER2589UAS ESTABLISHED DUE TO UNMANNED
AIRCRAFT ACTIVITY WI 8KM RADIUS CENTRED ON 574817N 0265154E.
PERMISSION FOR ENTERING THE AREA SHALL BE OBTAINED FROM TEL + 372
5308 9222.
F)SFC G)4000FT AMSL
)


New NOTAMs:
New NOTAM added:
(A0553/26 NOTAMN
Q)EETT/RDCA/IV/BO/W/000/091/5918N02742E005
A)EETT B)2603201200 C)2603270559
E)DANGER AREA EED17 SIRGALA 2 ACT.
CHANGED VERTICAL LIMITS DURING ACTIVATION.
INFO ABOUT ACT AVBL FROM +372 5302 7449.
F)SFC G)9100FT AMSL
)
[2026-03-19T18:05:40Z] CHANGE DETECTED in dynamicData.notams
URL: https://aim.eans.ee/web/notampib/area24.json

Expired NOTAMs:
- NOTAM A4083/25 expired and was removed from the PIB.

New NOTAMs:
New NOTAM added:
(A0555/26 NOTAMN
Q)EETT/RTCA/IV/BO/W/000/017/5923N02535E004
A)EETT B)2603201600 C)2603231259
E)TEMPORARY RESTRICTED AREA EER2048 ESTABLISHED DUE TO UNMANNED
AIRCRAFT ACTIVITY WI: 592513N 0252928E - 592600N 0253909E - 592036N
0254000E - 592238N 0252912E - 592513N 0252928E
PERMISSION FOR ENTERING THE AREA SHALL BE OBTAINED FROM TEL +372 5883
7394.
F)SFC G)1700FT AMSL
)
[2026-03-19T20:00:40Z] NO CHANGE in dynamicData.notams.
